<?xml version="1.0" encoding="UTF-8"?>
<!-- Generated by org.testng.reporters.JUnitReportReporter -->
<testsuite hostname="asd1539po01976" name="TestNG.TestStudent" tests="1" failures="0" timestamp="21 Jun 2016 09:51:28 GMT" time="0.010" errors="0">
  <testcase name="cgpa" time="0.010" classname="TestNG.TestStudent"/>
</testsuite> <!-- TestNG.TestStudent -->
