<?xml version="1.0" encoding="UTF-8"?>
<!-- Generated by org.testng.reporters.JUnitReportReporter -->
<testsuite hostname="asd1539po01976" name="TestNG.TestEmpoyeeDetails" tests="2" failures="0" timestamp="21 Jun 2016 07:47:53 GMT" time="0.013" errors="0">
  <testcase name="testCalculateYearlySalary" time="0.003" classname="TestNG.TestEmpoyeeDetails"/>
  <testcase name="testCalculateAppriasal" time="0.010" classname="TestNG.TestEmpoyeeDetails"/>
</testsuite> <!-- TestNG.TestEmpoyeeDetails -->
