<?xml version="1.0" encoding="UTF-8"?>
<!-- Generated by org.testng.reporters.JUnitReportReporter -->
<testsuite hostname="asd1539po01976" name="Tess.TestGitAutomation" tests="4" failures="0" timestamp="30 Jun 2016 10:03:52 GMT" time="14.342" errors="0">
  <testcase name="testWasAdded" time="1.437" classname="Tess.TestGitAutomation"/>
  <testcase name="testInsideRepo" time="2.377" classname="Tess.TestGitAutomation"/>
  <testcase name="testNumRepo" time="1.466" classname="Tess.TestGitAutomation"/>
  <testcase name="testTitle" time="9.062" classname="Tess.TestGitAutomation"/>
</testsuite> <!-- Tess.TestGitAutomation -->
