<?xml version="1.0" encoding="UTF-8"?>
<!-- Generated by org.testng.reporters.JUnitReportReporter -->
<testsuite hostname="asd1539po01976" name="TestGitAutomation" tests="3" failures="0" timestamp="30 Jun 2016 03:46:46 GMT" time="15.520" errors="0">
  <testcase name="testTitle" time="11.413" classname="TestGitAutomation"/>
  <testcase name="testWasAdded" time="2.680" classname="TestGitAutomation"/>
  <testcase name="testNumRepo" time="1.427" classname="TestGitAutomation"/>
</testsuite> <!-- TestGitAutomation -->
